<?xml version="1.0" encoding="UTF-8"?>
<testng-results ignored="0" total="2" passed="2" failed="0" skipped="0">
  <reporter-output>
  </reporter-output>
  <suite started-at="2020-05-30T16:27:32Z" name="Command line suite" finished-at="2020-05-30T16:28:11Z" duration-ms="38788">
    <groups>
    </groups>
    <test started-at="2020-05-30T16:27:32Z" name="Command line test" finished-at="2020-05-30T16:28:11Z" duration-ms="38788">
      <class name="com.mycompany.tests.LoginTest">
        <test-method is-config="true" signature="setUp()[pri:0, instance:com.mycompany.tests.LoginTest@480bdb19]" started-at="2020-05-30T16:27:32Z" name="setUp" finished-at="2020-05-30T16:27:47Z" duration-ms="14743" status="PASS">
          <reporter-output>
          </reporter-output>
        </test-method> <!-- setUp -->
        <test-method signature="successfulLog(java.lang.String, java.lang.String)[pri:0, instance:com.mycompany.tests.LoginTest@480bdb19]" started-at="2020-05-30T16:27:47Z" name="successfulLog" data-provider="login" finished-at="2020-05-30T16:27:55Z" duration-ms="8154" status="PASS">
          <params>
            <param index="0">
              <value>
                <![CDATA[testuser1]]>
              </value>
            </param>
            <param index="1">
              <value>
                <![CDATA[SeleniumTestAccount1]]>
              </value>
            </param>
          </params>
          <reporter-output>
          </reporter-output>
        </test-method> <!-- successfulLog -->
        <test-method is-config="true" signature="tearDown()[pri:0, instance:com.mycompany.tests.LoginTest@480bdb19]" started-at="2020-05-30T16:27:55Z" name="tearDown" finished-at="2020-05-30T16:27:55Z" duration-ms="100" status="PASS">
          <reporter-output>
          </reporter-output>
        </test-method> <!-- tearDown -->
        <test-method is-config="true" signature="setUp()[pri:0, instance:com.mycompany.tests.LoginTest@480bdb19]" started-at="2020-05-30T16:27:55Z" name="setUp" finished-at="2020-05-30T16:28:03Z" duration-ms="7286" status="PASS">
          <reporter-output>
          </reporter-output>
        </test-method> <!-- setUp -->
        <test-method signature="successfulLogin(java.lang.String, java.lang.String)[pri:0, instance:com.mycompany.tests.LoginTest@480bdb19]" started-at="2020-05-30T16:28:03Z" name="successfulLogin" data-provider="login" finished-at="2020-05-30T16:28:11Z" duration-ms="8363" status="PASS">
          <params>
            <param index="0">
              <value>
                <![CDATA[testuser1]]>
              </value>
            </param>
            <param index="1">
              <value>
                <![CDATA[SeleniumTestAccount1]]>
              </value>
            </param>
          </params>
          <reporter-output>
          </reporter-output>
        </test-method> <!-- successfulLogin -->
        <test-method is-config="true" signature="tearDown()[pri:0, instance:com.mycompany.tests.LoginTest@480bdb19]" started-at="2020-05-30T16:28:11Z" name="tearDown" finished-at="2020-05-30T16:28:11Z" duration-ms="96" status="PASS">
          <reporter-output>
          </reporter-output>
        </test-method> <!-- tearDown -->
      </class> <!-- com.mycompany.tests.LoginTest -->
    </test> <!-- Command line test -->
  </suite> <!-- Command line suite -->
</testng-results>
