<?xml version="1.0" encoding="UTF-8"?>
<testng-results ignored="0" total="2" passed="2" failed="0" skipped="0">
  <reporter-output>
  </reporter-output>
  <suite started-at="2020-05-30T16:05:57Z" name="Default suite" finished-at="2020-05-30T16:06:42Z" duration-ms="44773">
    <groups>
    </groups>
    <test started-at="2020-05-30T16:05:57Z" name="Default test" finished-at="2020-05-30T16:06:42Z" duration-ms="44773">
      <class name="com.mycompany.tests.LoginTest">
        <test-method is-config="true" signature="setUp()[pri:0, instance:com.mycompany.tests.LoginTest@4803b726]" started-at="2020-05-30T16:05:57Z" name="setUp" finished-at="2020-05-30T16:06:08Z" duration-ms="10631" status="PASS">
          <reporter-output>
          </reporter-output>
        </test-method> <!-- setUp -->
        <test-method signature="successfulLog(java.lang.String, java.lang.String)[pri:0, instance:com.mycompany.tests.LoginTest@4803b726]" started-at="2020-05-30T16:06:08Z" name="successfulLog" data-provider="login" finished-at="2020-05-30T16:06:17Z" duration-ms="9110" status="PASS">
          <params>
            <param index="0">
              <value>
                <![CDATA[testuser1]]>
              </value>
            </param>
            <param index="1">
              <value>
                <![CDATA[SeleniumTestAccount1]]>
              </value>
            </param>
          </params>
          <reporter-output>
          </reporter-output>
        </test-method> <!-- successfulLog -->
        <test-method is-config="true" signature="tearDown()[pri:0, instance:com.mycompany.tests.LoginTest@4803b726]" started-at="2020-05-30T16:06:17Z" name="tearDown" finished-at="2020-05-30T16:06:17Z" duration-ms="196" status="PASS">
          <reporter-output>
          </reporter-output>
        </test-method> <!-- tearDown -->
        <test-method is-config="true" signature="setUp()[pri:0, instance:com.mycompany.tests.LoginTest@4803b726]" started-at="2020-05-30T16:06:17Z" name="setUp" finished-at="2020-05-30T16:06:28Z" duration-ms="10735" status="PASS">
          <reporter-output>
          </reporter-output>
        </test-method> <!-- setUp -->
        <test-method signature="successfulLogin(java.lang.String, java.lang.String)[pri:0, instance:com.mycompany.tests.LoginTest@4803b726]" started-at="2020-05-30T16:06:28Z" name="successfulLogin" data-provider="login" finished-at="2020-05-30T16:06:42Z" duration-ms="13740" status="PASS">
          <params>
            <param index="0">
              <value>
                <![CDATA[testuser1]]>
              </value>
            </param>
            <param index="1">
              <value>
                <![CDATA[SeleniumTestAccount1]]>
              </value>
            </param>
          </params>
          <reporter-output>
          </reporter-output>
        </test-method> <!-- successfulLogin -->
        <test-method is-config="true" signature="tearDown()[pri:0, instance:com.mycompany.tests.LoginTest@4803b726]" started-at="2020-05-30T16:06:42Z" name="tearDown" finished-at="2020-05-30T16:06:42Z" duration-ms="310" status="PASS">
          <reporter-output>
          </reporter-output>
        </test-method> <!-- tearDown -->
      </class> <!-- com.mycompany.tests.LoginTest -->
    </test> <!-- Default test -->
  </suite> <!-- Default suite -->
</testng-results>
